\BOOKMARK [1][-]{section.1}{\376\377\000I\000n\000t\000r\000o\000d\000u\000c\000t\000i\000o\000n}{}% 1
\BOOKMARK [2][-]{subsection.1.1}{\376\377\000B\000a\000c\000k\000g\000r\000o\000u\000n\000d}{section.1}% 2
\BOOKMARK [2][-]{subsection.1.2}{\376\377\000R\000e\000s\000e\000a\000r\000c\000h\000\040\000G\000a\000p\000\040\000a\000n\000d\000\040\000O\000b\000j\000e\000c\000t\000i\000v\000e\000s}{section.1}% 3
\BOOKMARK [2][-]{subsection.1.3}{\376\377\000C\000o\000n\000t\000r\000i\000b\000u\000t\000i\000o\000n\000s}{section.1}% 4
\BOOKMARK [1][-]{section.2}{\376\377\000L\000i\000t\000e\000r\000a\000t\000u\000r\000e\000\040\000R\000e\000v\000i\000e\000w}{}% 5
\BOOKMARK [2][-]{subsection.2.1}{\376\377\000U\000r\000b\000a\000n\000\040\000T\000r\000a\000f\000f\000i\000c\000\040\000C\000o\000n\000g\000e\000s\000t\000i\000o\000n\000\040\000i\000n\000\040\000D\000e\000v\000e\000l\000o\000p\000i\000n\000g\000\040\000C\000o\000u\000n\000t\000r\000i\000e\000s}{section.2}% 6
\BOOKMARK [2][-]{subsection.2.2}{\376\377\000T\000r\000a\000f\000f\000i\000c\000\040\000F\000l\000o\000w\000\040\000M\000e\000a\000s\000u\000r\000e\000m\000e\000n\000t\000\040\000a\000n\000d\000\040\000A\000n\000a\000l\000y\000s\000i\000s}{section.2}% 7
\BOOKMARK [2][-]{subsection.2.3}{\376\377\000N\000e\000t\000w\000o\000r\000k\000\040\000A\000n\000a\000l\000y\000s\000i\000s\000\040\000a\000n\000d\000\040\000T\000r\000a\000f\000f\000i\000c}{section.2}% 8
\BOOKMARK [2][-]{subsection.2.4}{\376\377\000T\000r\000a\000f\000f\000i\000c\000\040\000B\000o\000t\000t\000l\000e\000n\000e\000c\000k\000s\000\040\000a\000n\000d\000\040\000C\000a\000p\000a\000c\000i\000t\000y\000\040\000C\000o\000n\000s\000t\000r\000a\000i\000n\000t\000s}{section.2}% 9
\BOOKMARK [2][-]{subsection.2.5}{\376\377\000G\000e\000o\000s\000t\000a\000t\000i\000s\000t\000i\000c\000a\000l\000\040\000A\000p\000p\000r\000o\000a\000c\000h\000e\000s\000\040\000t\000o\000\040\000T\000r\000a\000f\000f\000i\000c\000\040\000A\000n\000a\000l\000y\000s\000i\000s}{section.2}% 10
\BOOKMARK [1][-]{section.3}{\376\377\000S\000t\000u\000d\000y\000\040\000A\000r\000e\000a\000\040\000a\000n\000d\000\040\000D\000a\000t\000a}{}% 11
\BOOKMARK [2][-]{subsection.3.1}{\376\377\000S\000t\000u\000d\000y\000\040\000A\000r\000e\000a\000\040\000C\000h\000a\000r\000a\000c\000t\000e\000r\000i\000s\000t\000i\000c\000s}{section.3}% 12
\BOOKMARK [2][-]{subsection.3.2}{\376\377\000D\000a\000t\000a\000\040\000C\000o\000l\000l\000e\000c\000t\000i\000o\000n}{section.3}% 13
\BOOKMARK [2][-]{subsection.3.3}{\376\377\000D\000a\000t\000a\000\040\000P\000r\000o\000c\000e\000s\000s\000i\000n\000g\000\040\000a\000n\000d\000\040\000A\000g\000g\000r\000e\000g\000a\000t\000i\000o\000n}{section.3}% 14
\BOOKMARK [2][-]{subsection.3.4}{\376\377\000N\000e\000t\000w\000o\000r\000k\000\040\000D\000a\000t\000a}{section.3}% 15
\BOOKMARK [2][-]{subsection.3.5}{\376\377\000D\000a\000t\000a\000\040\000Q\000u\000a\000l\000i\000t\000y\000\040\000V\000a\000l\000i\000d\000a\000t\000i\000o\000n}{section.3}% 16
\BOOKMARK [1][-]{section.4}{\376\377\000M\000e\000t\000h\000o\000d\000o\000l\000o\000g\000y}{}% 17
\BOOKMARK [2][-]{subsection.4.1}{\376\377\000A\000n\000a\000l\000y\000t\000i\000c\000a\000l\000\040\000F\000r\000a\000m\000e\000w\000o\000r\000k}{section.4}% 18
\BOOKMARK [2][-]{subsection.4.2}{\376\377\000T\000e\000m\000p\000o\000r\000a\000l\000\040\000P\000a\000t\000t\000e\000r\000n\000\040\000A\000n\000a\000l\000y\000s\000i\000s}{section.4}% 19
\BOOKMARK [2][-]{subsection.4.3}{\376\377\000G\000e\000o\000s\000t\000a\000t\000i\000s\000t\000i\000c\000a\000l\000\040\000A\000n\000a\000l\000y\000s\000i\000s}{section.4}% 20
\BOOKMARK [3][-]{subsubsection.4.3.1}{\376\377\000G\000l\000o\000b\000a\000l\000\040\000S\000p\000a\000t\000i\000a\000l\000\040\000A\000u\000t\000o\000c\000o\000r\000r\000e\000l\000a\000t\000i\000o\000n}{subsection.4.3}% 21
\BOOKMARK [3][-]{subsubsection.4.3.2}{\376\377\000L\000o\000c\000a\000l\000\040\000I\000n\000d\000i\000c\000a\000t\000o\000r\000s\000\040\000o\000f\000\040\000S\000p\000a\000t\000i\000a\000l\000\040\000A\000s\000s\000o\000c\000i\000a\000t\000i\000o\000n}{subsection.4.3}% 22
\BOOKMARK [3][-]{subsubsection.4.3.3}{\376\377\000S\000e\000g\000m\000e\000n\000t\000\040\000L\000e\000n\000g\000t\000h\000\040\000H\000e\000t\000e\000r\000o\000g\000e\000n\000e\000i\000t\000y\000\040\000a\000n\000d\000\040\000M\000A\000U\000P\000\040\000C\000o\000n\000s\000i\000d\000e\000r\000a\000t\000i\000o\000n\000s}{subsection.4.3}% 23
\BOOKMARK [3][-]{subsubsection.4.3.4}{\376\377\000C\000o\000e\000f\000f\000i\000c\000i\000e\000n\000t\000\040\000o\000f\000\040\000V\000a\000r\000i\000a\000t\000i\000o\000n\000\040\000A\000n\000a\000l\000y\000s\000i\000s}{subsection.4.3}% 24
\BOOKMARK [2][-]{subsection.4.4}{\376\377\000N\000e\000t\000w\000o\000r\000k\000\040\000C\000e\000n\000t\000r\000a\000l\000i\000t\000y\000\040\000A\000n\000a\000l\000y\000s\000i\000s}{section.4}% 25
\BOOKMARK [2][-]{subsection.4.5}{\376\377\000B\000o\000t\000t\000l\000e\000n\000e\000c\000k\000\040\000a\000n\000d\000\040\000C\000a\000p\000a\000c\000i\000t\000y\000\040\000D\000r\000o\000p\000\040\000A\000n\000a\000l\000y\000s\000i\000s}{section.4}% 26
\BOOKMARK [3][-]{subsubsection.4.5.1}{\376\377\000R\000o\000a\000d\000\040\000C\000a\000p\000a\000c\000i\000t\000y\000\040\000S\000c\000o\000r\000i\000n\000g}{subsection.4.5}% 27
\BOOKMARK [3][-]{subsubsection.4.5.2}{\376\377\000G\000r\000a\000p\000h\000-\000B\000a\000s\000e\000d\000\040\000C\000a\000p\000a\000c\000i\000t\000y\000\040\000D\000r\000o\000p\000\040\000D\000e\000t\000e\000c\000t\000i\000o\000n}{subsection.4.5}% 28
\BOOKMARK [3][-]{subsubsection.4.5.3}{\376\377\000L\000o\000c\000a\000l\000\040\000B\000o\000t\000t\000l\000e\000n\000e\000c\000k\000\040\000G\000r\000a\000d\000i\000e\000n\000t\000\040\000A\000n\000a\000l\000y\000s\000i\000s}{subsection.4.5}% 29
\BOOKMARK [3][-]{subsubsection.4.5.4}{\376\377\000S\000t\000a\000t\000i\000s\000t\000i\000c\000a\000l\000\040\000T\000e\000s\000t\000i\000n\000g}{subsection.4.5}% 30
\BOOKMARK [2][-]{subsection.4.6}{\376\377\000S\000o\000f\000t\000w\000a\000r\000e\000\040\000a\000n\000d\000\040\000T\000o\000o\000l\000s}{section.4}% 31
\BOOKMARK [1][-]{section.5}{\376\377\000R\000e\000s\000u\000l\000t\000s}{}% 32
\BOOKMARK [2][-]{subsection.5.1}{\376\377\000O\000v\000e\000r\000a\000l\000l\000\040\000C\000o\000n\000g\000e\000s\000t\000i\000o\000n\000\040\000C\000h\000a\000r\000a\000c\000t\000e\000r\000i\000s\000t\000i\000c\000s}{section.5}% 33
\BOOKMARK [2][-]{subsection.5.2}{\376\377\000T\000e\000m\000p\000o\000r\000a\000l\000\040\000P\000a\000t\000t\000e\000r\000n\000s}{section.5}% 34
\BOOKMARK [3][-]{subsubsection.5.2.1}{\376\377\000P\000e\000r\000i\000o\000d\000-\000B\000a\000s\000e\000d\000\040\000A\000n\000a\000l\000y\000s\000i\000s}{subsection.5.2}% 35
\BOOKMARK [3][-]{subsubsection.5.2.2}{\376\377\000S\000t\000a\000t\000i\000s\000t\000i\000c\000a\000l\000\040\000S\000i\000g\000n\000i\000f\000i\000c\000a\000n\000c\000e\000\040\000o\000f\000\040\000T\000e\000m\000p\000o\000r\000a\000l\000\040\000V\000a\000r\000i\000a\000t\000i\000o\000n}{subsection.5.2}% 36
\BOOKMARK [3][-]{subsubsection.5.2.3}{\376\377\000D\000a\000y\000-\000o\000f\000-\000W\000e\000e\000k\000\040\000P\000a\000t\000t\000e\000r\000n\000s}{subsection.5.2}% 37
\BOOKMARK [2][-]{subsection.5.3}{\376\377\000S\000p\000a\000t\000i\000a\000l\000\040\000P\000a\000t\000t\000e\000r\000n\000\040\000A\000n\000a\000l\000y\000s\000i\000s}{section.5}% 38
\BOOKMARK [3][-]{subsubsection.5.3.1}{\376\377\000G\000l\000o\000b\000a\000l\000\040\000S\000p\000a\000t\000i\000a\000l\000\040\000A\000u\000t\000o\000c\000o\000r\000r\000e\000l\000a\000t\000i\000o\000n}{subsection.5.3}% 39
\BOOKMARK [3][-]{subsubsection.5.3.2}{\376\377\000H\000o\000t\000s\000p\000o\000t\000\040\000I\000d\000e\000n\000t\000i\000f\000i\000c\000a\000t\000i\000o\000n}{subsection.5.3}% 40
\BOOKMARK [3][-]{subsubsection.5.3.3}{\376\377\000G\000e\000t\000i\000s\000-\000O\000r\000d\000\040\000G\000i\000*\000\040\000H\000o\000t\000/\000C\000o\000l\000d\000\040\000S\000p\000o\000t\000\040\000A\000n\000a\000l\000y\000s\000i\000s}{subsection.5.3}% 41
\BOOKMARK [3][-]{subsubsection.5.3.4}{\376\377\000C\000o\000e\000f\000f\000i\000c\000i\000e\000n\000t\000\040\000o\000f\000\040\000V\000a\000r\000i\000a\000t\000i\000o\000n}{subsection.5.3}% 42
\BOOKMARK [2][-]{subsection.5.4}{\376\377\000N\000e\000t\000w\000o\000r\000k\000\040\000T\000o\000p\000o\000l\000o\000g\000y\000-\000C\000o\000n\000g\000e\000s\000t\000i\000o\000n\000\040\000R\000e\000l\000a\000t\000i\000o\000n\000s\000h\000i\000p\000s}{section.5}% 43
\BOOKMARK [3][-]{subsubsection.5.4.1}{\376\377\000B\000e\000t\000w\000e\000e\000n\000n\000e\000s\000s\000\040\000C\000e\000n\000t\000r\000a\000l\000i\000t\000y}{subsection.5.4}% 44
\BOOKMARK [3][-]{subsubsection.5.4.2}{\376\377\000S\000t\000r\000e\000e\000t\000\040\000O\000r\000i\000e\000n\000t\000a\000t\000i\000o\000n\000\040\000A\000n\000a\000l\000y\000s\000i\000s}{subsection.5.4}% 45
\BOOKMARK [3][-]{subsubsection.5.4.3}{\376\377\000P\000O\000I\000\040\000D\000e\000n\000s\000i\000t\000y\000\040\000A\000n\000a\000l\000y\000s\000i\000s}{subsection.5.4}% 46
\BOOKMARK [3][-]{subsubsection.5.4.4}{\376\377\000A\000c\000t\000i\000v\000i\000t\000y\000\040\000Z\000o\000n\000e\000\040\000C\000o\000m\000p\000a\000r\000i\000s\000o\000n}{subsection.5.4}% 47
\BOOKMARK [3][-]{subsubsection.5.4.5}{\376\377\000S\000p\000a\000t\000i\000a\000l\000\040\000R\000e\000g\000r\000e\000s\000s\000i\000o\000n\000\040\000A\000n\000a\000l\000y\000s\000i\000s}{subsection.5.4}% 48
\BOOKMARK [2][-]{subsection.5.5}{\376\377\000B\000o\000t\000t\000l\000e\000n\000e\000c\000k\000\040\000a\000n\000d\000\040\000C\000a\000p\000a\000c\000i\000t\000y\000\040\000D\000r\000o\000p\000\040\000A\000n\000a\000l\000y\000s\000i\000s}{section.5}% 49
\BOOKMARK [3][-]{subsubsection.5.5.1}{\376\377\000A\000g\000g\000r\000e\000g\000a\000t\000e\000\040\000C\000a\000p\000a\000c\000i\000t\000y\040\023\000C\000o\000n\000g\000e\000s\000t\000i\000o\000n\000\040\000R\000e\000l\000a\000t\000i\000o\000n\000s\000h\000i\000p}{subsection.5.5}% 50
\BOOKMARK [3][-]{subsubsection.5.5.2}{\376\377\000S\000p\000a\000t\000i\000a\000l\000\040\000C\000a\000p\000a\000c\000i\000t\000y\000\040\000D\000r\000o\000p\000\040\000A\000n\000a\000l\000y\000s\000i\000s}{subsection.5.5}% 51
\BOOKMARK [3][-]{subsubsection.5.5.3}{\376\377\000L\000o\000c\000a\000l\000\040\000B\000o\000t\000t\000l\000e\000n\000e\000c\000k\000\040\000G\000r\000a\000d\000i\000e\000n\000t}{subsection.5.5}% 52
\BOOKMARK [3][-]{subsubsection.5.5.4}{\376\377\000C\000r\000i\000t\000i\000c\000a\000l\000\040\000M\000e\000t\000h\000o\000d\000o\000l\000o\000g\000i\000c\000a\000l\000\040\000C\000o\000n\000s\000i\000d\000e\000r\000a\000t\000i\000o\000n\000:\000\040\000H\000E\000R\000E\000\040\000J\000a\000m\000\040\000F\000a\000c\000t\000o\000r\000\040\000N\000o\000r\000m\000a\000l\000i\000z\000a\000t\000i\000o\000n}{subsection.5.5}% 53
\BOOKMARK [2][-]{subsection.5.6}{\376\377\000T\000e\000m\000p\000o\000r\000a\000l\000\040\000v\000s\000\040\000S\000p\000a\000t\000i\000a\000l\000\040\000P\000r\000e\000d\000i\000c\000t\000o\000r\000s\000:\000\040\000A\000\040\000C\000r\000i\000t\000i\000c\000a\000l\000\040\000C\000o\000m\000p\000a\000r\000i\000s\000o\000n}{section.5}% 54
\BOOKMARK [2][-]{subsection.5.7}{\376\377\000C\000o\000m\000p\000a\000r\000a\000t\000i\000v\000e\000\040\000C\000i\000t\000y\000\040\000A\000n\000a\000l\000y\000s\000i\000s}{section.5}% 55
\BOOKMARK [1][-]{section.6}{\376\377\000D\000i\000s\000c\000u\000s\000s\000i\000o\000n}{}% 56
\BOOKMARK [2][-]{subsection.6.1}{\376\377\000I\000n\000t\000e\000r\000p\000r\000e\000t\000a\000t\000i\000o\000n\000\040\000o\000f\000\040\000F\000i\000n\000d\000i\000n\000g\000s}{section.6}% 57
\BOOKMARK [3][-]{subsubsection.6.1.1}{\376\377\000T\000e\000m\000p\000o\000r\000a\000l\000\040\000P\000a\000t\000t\000e\000r\000n\000s}{subsection.6.1}% 58
\BOOKMARK [3][-]{subsubsection.6.1.2}{\376\377\000P\000e\000a\000k\000\040\000v\000s\000\040\000O\000f\000f\000-\000P\000e\000a\000k\000\040\000D\000y\000n\000a\000m\000i\000c\000s}{subsection.6.1}% 59
\BOOKMARK [3][-]{subsubsection.6.1.3}{\376\377\000S\000p\000a\000t\000i\000a\000l\000\040\000C\000l\000u\000s\000t\000e\000r\000i\000n\000g}{subsection.6.1}% 60
\BOOKMARK [3][-]{subsubsection.6.1.4}{\376\377\000T\000h\000e\000\040\000F\000a\000i\000l\000u\000r\000e\000\040\000o\000f\000\040\000S\000p\000a\000t\000i\000a\000l\000\040\000P\000r\000e\000d\000i\000c\000t\000o\000r\000s}{subsection.6.1}% 61
\BOOKMARK [3][-]{subsubsection.6.1.5}{\376\377\000C\000a\000p\000a\000c\000i\000t\000y\000\040\000C\000o\000n\000s\000t\000r\000a\000i\000n\000t\000s\000\040\000D\000o\000\040\000N\000o\000t\000\040\000P\000r\000e\000d\000i\000c\000t\000\040\000C\000o\000n\000g\000e\000s\000t\000i\000o\000n}{subsection.6.1}% 62
\BOOKMARK [3][-]{subsubsection.6.1.6}{\376\377\000T\000e\000m\000p\000o\000r\000a\000l\000\040\000D\000o\000m\000i\000n\000a\000n\000c\000e\000\040\000i\000n\000\040\000R\000e\000l\000a\000t\000i\000v\000e\000\040\000C\000o\000n\000g\000e\000s\000t\000i\000o\000n\000:\000\040\000T\000h\000e\000\040\000K\000e\000y\000\040\000F\000i\000n\000d\000i\000n\000g}{subsection.6.1}% 63
\BOOKMARK [2][-]{subsection.6.2}{\376\377\000I\000m\000p\000l\000i\000c\000a\000t\000i\000o\000n\000s\000\040\000f\000o\000r\000\040\000T\000r\000a\000f\000f\000i\000c\000\040\000M\000a\000n\000a\000g\000e\000m\000e\000n\000t}{section.6}% 64
\BOOKMARK [3][-]{subsubsection.6.2.1}{\376\377\000D\000e\000m\000a\000n\000d\000\040\000M\000a\000n\000a\000g\000e\000m\000e\000n\000t\000\040\000O\000v\000e\000r\000\040\000I\000n\000f\000r\000a\000s\000t\000r\000u\000c\000t\000u\000r\000e\000\040\000E\000x\000p\000a\000n\000s\000i\000o\000n}{subsection.6.2}% 65
\BOOKMARK [3][-]{subsubsection.6.2.2}{\376\377\000T\000e\000m\000p\000o\000r\000a\000l\000\040\000T\000a\000r\000g\000e\000t\000i\000n\000g\000\040\000o\000f\000\040\000R\000e\000s\000o\000u\000r\000c\000e\000s}{subsection.6.2}% 66
\BOOKMARK [3][-]{subsubsection.6.2.3}{\376\377\000R\000e\000c\000o\000n\000s\000i\000d\000e\000r\000i\000n\000g\000\040\000I\000n\000f\000r\000a\000s\000t\000r\000u\000c\000t\000u\000r\000e\000\040\000I\000n\000v\000e\000s\000t\000m\000e\000n\000t}{subsection.6.2}% 67
\BOOKMARK [2][-]{subsection.6.3}{\376\377\000L\000i\000m\000i\000t\000a\000t\000i\000o\000n\000s}{section.6}% 68
\BOOKMARK [2][-]{subsection.6.4}{\376\377\000F\000u\000t\000u\000r\000e\000\040\000R\000e\000s\000e\000a\000r\000c\000h\000\040\000D\000i\000r\000e\000c\000t\000i\000o\000n\000s}{section.6}% 69
\BOOKMARK [1][-]{section.7}{\376\377\000C\000o\000n\000c\000l\000u\000s\000i\000o\000n\000s}{}% 70
\BOOKMARK [2][-]{subsection.7.1}{\376\377\000P\000r\000i\000m\000a\000r\000y\000\040\000F\000i\000n\000d\000i\000n\000g\000:\000\040\000T\000e\000m\000p\000o\000r\000a\000l\000\040\000D\000o\000m\000i\000n\000a\000n\000c\000e\000\040\000i\000n\000\040\000R\000e\000l\000a\000t\000i\000v\000e\000\040\000C\000o\000n\000g\000e\000s\000t\000i\000o\000n}{section.7}% 71
\BOOKMARK [2][-]{subsection.7.2}{\376\377\000S\000e\000c\000o\000n\000d\000a\000r\000y\000\040\000F\000i\000n\000d\000i\000n\000g\000s}{section.7}% 72
\BOOKMARK [2][-]{subsection.7.3}{\376\377\000P\000o\000l\000i\000c\000y\000\040\000I\000m\000p\000l\000i\000c\000a\000t\000i\000o\000n\000s}{section.7}% 73
\BOOKMARK [2][-]{subsection.7.4}{\376\377\000C\000o\000n\000t\000r\000i\000b\000u\000t\000i\000o\000n}{section.7}% 74
